{"numFailedTestSuites":2,"numFailedTests":7,"numPassedTestSuites":10,"numPassedTests":59,"numPendingTestSuites":0,"numPendingTests":5,"numRuntimeErrorTestSuites":0,"numTodoTests":0,"numTotalTestSuites":12,"numTotalTests":71,"openHandles":[],"snapshot":{"added":0,"didUpdate":false,"failure":false,"filesAdded":0,"filesRemoved":0,"filesRemovedList":[],"filesUnmatched":0,"filesUpdated":0,"matched":0,"total":0,"unchecked":0,"uncheckedKeysByFile":[],"unmatched":0,"updated":0},"startTime":1765969896441,"success":false,"testResults":[{"assertionResults":[{"ancestorTitles":["ReportService"],"duration":31,"failureDetails":[{"type":"ReportService","context":{"index":3,"dependencies":["ReportModel","UserModel","PasswordModel","PublicAddressModel",null,null,null,null,null],"name":"PublicAddressModel"},"metadata":{"id":"17d484c22e5c73db047fe"},"moduleRef":{"id":"9c915185e617d484c22e5"}}],"failureMessages":["Error: Nest can't resolve dependencies of the ReportService (ReportModel, UserModel, PasswordModel, ?, AppConfigService, PublicAddressesService, TelegramService, NotificationsService, LoggerService). Please make sure that the argument \"PublicAddressModel\" at index [3] is available in the RootTestModule context.\n\nPotential solutions:\n- Is RootTestModule a valid NestJS module?\n- If \"PublicAddressModel\" is a provider, is it part of the current RootTestModule?\n- If \"PublicAddressModel\" is exported from a separate @Module, is that module imported within RootTestModule?\n  @Module({\n    imports: [ /* the Module containing \"PublicAddressModel\" */ ]\n  })\n\n    at TestingInjector.lookupComponentInParentModules (D:\\Yasser_Projects\\Taco_Project\\taco-backend\\node_modules\\@nestjs\\core\\injector\\injector.js:262:19)\n    at TestingInjector.resolveComponentInstance (D:\\Yasser_Projects\\Taco_Project\\taco-backend\\node_modules\\@nestjs\\core\\injector\\injector.js:215:33)\n    at TestingInjector.resolveComponentInstance (D:\\Yasser_Projects\\Taco_Project\\taco-backend\\node_modules\\@nestjs\\testing\\testing-injector.js:19:45)\n    at resolveParam (D:\\Yasser_Projects\\Taco_Project\\taco-backend\\node_modules\\@nestjs\\core\\injector\\injector.js:129:38)\n    at async Promise.all (index 3)\n    at TestingInjector.resolveConstructorParams (D:\\Yasser_Projects\\Taco_Project\\taco-backend\\node_modules\\@nestjs\\core\\injector\\injector.js:144:27)\n    at TestingInjector.loadInstance (D:\\Yasser_Projects\\Taco_Project\\taco-backend\\node_modules\\@nestjs\\core\\injector\\injector.js:70:13)\n    at TestingInjector.loadProvider (D:\\Yasser_Projects\\Taco_Project\\taco-backend\\node_modules\\@nestjs\\core\\injector\\injector.js:98:9)\n    at D:\\Yasser_Projects\\Taco_Project\\taco-backend\\node_modules\\@nestjs\\core\\injector\\instance-loader.js:56:13\n    at async Promise.all (index 3)\n    at TestingInstanceLoader.createInstancesOfProviders (D:\\Yasser_Projects\\Taco_Project\\taco-backend\\node_modules\\@nestjs\\core\\injector\\instance-loader.js:55:9)\n    at D:\\Yasser_Projects\\Taco_Project\\taco-backend\\node_modules\\@nestjs\\core\\injector\\instance-loader.js:40:13\n    at async Promise.all (index 1)\n    at TestingInstanceLoader.createInstances (D:\\Yasser_Projects\\Taco_Project\\taco-backend\\node_modules\\@nestjs\\core\\injector\\instance-loader.js:39:9)\n    at TestingInstanceLoader.createInstancesOfDependencies (D:\\Yasser_Projects\\Taco_Project\\taco-backend\\node_modules\\@nestjs\\core\\injector\\instance-loader.js:22:13)\n    at TestingInstanceLoader.createInstancesOfDependencies (D:\\Yasser_Projects\\Taco_Project\\taco-backend\\node_modules\\@nestjs\\testing\\testing-instance-loader.js:9:9)\n    at TestingModuleBuilder.createInstancesOfDependencies (D:\\Yasser_Projects\\Taco_Project\\taco-backend\\node_modules\\@nestjs\\testing\\testing-module.builder.js:118:9)\n    at TestingModuleBuilder.compile (D:\\Yasser_Projects\\Taco_Project\\taco-backend\\node_modules\\@nestjs\\testing\\testing-module.builder.js:74:9)\n    at Object.<anonymous> (D:\\Yasser_Projects\\Taco_Project\\taco-backend\\test\\reports\\report.service.spec.ts:13:35)"],"fullName":"ReportService should be defined","invocations":1,"location":null,"numPassingAsserts":0,"retryReasons":[],"status":"failed","title":"should be defined"},{"ancestorTitles":["ReportService","reportUser"],"duration":6,"failureDetails":[{"type":"ReportService","context":{"index":3,"dependencies":["ReportModel","UserModel","PasswordModel","PublicAddressModel",null,null,null,null,null],"name":"PublicAddressModel"},"metadata":{"id":"d0aae875b63c3f449fef3"},"moduleRef":{"id":"b047fec92ed0aae875b63"}}],"failureMessages":["Error: Nest can't resolve dependencies of the ReportService (ReportModel, UserModel, PasswordModel, ?, AppConfigService, PublicAddressesService, TelegramService, NotificationsService, LoggerService). Please make sure that the argument \"PublicAddressModel\" at index [3] is available in the RootTestModule context.\n\nPotential solutions:\n- Is RootTestModule a valid NestJS module?\n- If \"PublicAddressModel\" is a provider, is it part of the current RootTestModule?\n- If \"PublicAddressModel\" is exported from a separate @Module, is that module imported within RootTestModule?\n  @Module({\n    imports: [ /* the Module containing \"PublicAddressModel\" */ ]\n  })\n\n    at TestingInjector.lookupComponentInParentModules (D:\\Yasser_Projects\\Taco_Project\\taco-backend\\node_modules\\@nestjs\\core\\injector\\injector.js:262:19)\n    at TestingInjector.resolveComponentInstance (D:\\Yasser_Projects\\Taco_Project\\taco-backend\\node_modules\\@nestjs\\core\\injector\\injector.js:215:33)\n    at TestingInjector.resolveComponentInstance (D:\\Yasser_Projects\\Taco_Project\\taco-backend\\node_modules\\@nestjs\\testing\\testing-injector.js:19:45)\n    at resolveParam (D:\\Yasser_Projects\\Taco_Project\\taco-backend\\node_modules\\@nestjs\\core\\injector\\injector.js:129:38)\n    at async Promise.all (index 3)\n    at TestingInjector.resolveConstructorParams (D:\\Yasser_Projects\\Taco_Project\\taco-backend\\node_modules\\@nestjs\\core\\injector\\injector.js:144:27)\n    at TestingInjector.loadInstance (D:\\Yasser_Projects\\Taco_Project\\taco-backend\\node_modules\\@nestjs\\core\\injector\\injector.js:70:13)\n    at TestingInjector.loadProvider (D:\\Yasser_Projects\\Taco_Project\\taco-backend\\node_modules\\@nestjs\\core\\injector\\injector.js:98:9)\n    at D:\\Yasser_Projects\\Taco_Project\\taco-backend\\node_modules\\@nestjs\\core\\injector\\instance-loader.js:56:13\n    at async Promise.all (index 3)\n    at TestingInstanceLoader.createInstancesOfProviders (D:\\Yasser_Projects\\Taco_Project\\taco-backend\\node_modules\\@nestjs\\core\\injector\\instance-loader.js:55:9)\n    at D:\\Yasser_Projects\\Taco_Project\\taco-backend\\node_modules\\@nestjs\\core\\injector\\instance-loader.js:40:13\n    at async Promise.all (index 1)\n    at TestingInstanceLoader.createInstances (D:\\Yasser_Projects\\Taco_Project\\taco-backend\\node_modules\\@nestjs\\core\\injector\\instance-loader.js:39:9)\n    at TestingInstanceLoader.createInstancesOfDependencies (D:\\Yasser_Projects\\Taco_Project\\taco-backend\\node_modules\\@nestjs\\core\\injector\\instance-loader.js:22:13)\n    at TestingInstanceLoader.createInstancesOfDependencies (D:\\Yasser_Projects\\Taco_Project\\taco-backend\\node_modules\\@nestjs\\testing\\testing-instance-loader.js:9:9)\n    at TestingModuleBuilder.createInstancesOfDependencies (D:\\Yasser_Projects\\Taco_Project\\taco-backend\\node_modules\\@nestjs\\testing\\testing-module.builder.js:118:9)\n    at TestingModuleBuilder.compile (D:\\Yasser_Projects\\Taco_Project\\taco-backend\\node_modules\\@nestjs\\testing\\testing-module.builder.js:74:9)\n    at Object.<anonymous> (D:\\Yasser_Projects\\Taco_Project\\taco-backend\\test\\reports\\report.service.spec.ts:13:35)"],"fullName":"ReportService reportUser should be defined","invocations":1,"location":null,"numPassingAsserts":0,"retryReasons":[],"status":"failed","title":"should be defined"},{"ancestorTitles":["ReportService","getReportsByUser"],"duration":5,"failureDetails":[{"type":"ReportService","context":{"index":3,"dependencies":["ReportModel","UserModel","PasswordModel","PublicAddressModel",null,null,null,null,null],"name":"PublicAddressModel"},"metadata":{"id":"122face2f66e3e80d4c7b"},"moduleRef":{"id":"49fef39bfb122face2f66"}}],"failureMessages":["Error: Nest can't resolve dependencies of the ReportService (ReportModel, UserModel, PasswordModel, ?, AppConfigService, PublicAddressesService, TelegramService, NotificationsService, LoggerService). Please make sure that the argument \"PublicAddressModel\" at index [3] is available in the RootTestModule context.\n\nPotential solutions:\n- Is RootTestModule a valid NestJS module?\n- If \"PublicAddressModel\" is a provider, is it part of the current RootTestModule?\n- If \"PublicAddressModel\" is exported from a separate @Module, is that module imported within RootTestModule?\n  @Module({\n    imports: [ /* the Module containing \"PublicAddressModel\" */ ]\n  })\n\n    at TestingInjector.lookupComponentInParentModules (D:\\Yasser_Projects\\Taco_Project\\taco-backend\\node_modules\\@nestjs\\core\\injector\\injector.js:262:19)\n    at TestingInjector.resolveComponentInstance (D:\\Yasser_Projects\\Taco_Project\\taco-backend\\node_modules\\@nestjs\\core\\injector\\injector.js:215:33)\n    at TestingInjector.resolveComponentInstance (D:\\Yasser_Projects\\Taco_Project\\taco-backend\\node_modules\\@nestjs\\testing\\testing-injector.js:19:45)\n    at resolveParam (D:\\Yasser_Projects\\Taco_Project\\taco-backend\\node_modules\\@nestjs\\core\\injector\\injector.js:129:38)\n    at async Promise.all (index 3)\n    at TestingInjector.resolveConstructorParams (D:\\Yasser_Projects\\Taco_Project\\taco-backend\\node_modules\\@nestjs\\core\\injector\\injector.js:144:27)\n    at TestingInjector.loadInstance (D:\\Yasser_Projects\\Taco_Project\\taco-backend\\node_modules\\@nestjs\\core\\injector\\injector.js:70:13)\n    at TestingInjector.loadProvider (D:\\Yasser_Projects\\Taco_Project\\taco-backend\\node_modules\\@nestjs\\core\\injector\\injector.js:98:9)\n    at D:\\Yasser_Projects\\Taco_Project\\taco-backend\\node_modules\\@nestjs\\core\\injector\\instance-loader.js:56:13\n    at async Promise.all (index 3)\n    at TestingInstanceLoader.createInstancesOfProviders (D:\\Yasser_Projects\\Taco_Project\\taco-backend\\node_modules\\@nestjs\\core\\injector\\instance-loader.js:55:9)\n    at D:\\Yasser_Projects\\Taco_Project\\taco-backend\\node_modules\\@nestjs\\core\\injector\\instance-loader.js:40:13\n    at async Promise.all (index 1)\n    at TestingInstanceLoader.createInstances (D:\\Yasser_Projects\\Taco_Project\\taco-backend\\node_modules\\@nestjs\\core\\injector\\instance-loader.js:39:9)\n    at TestingInstanceLoader.createInstancesOfDependencies (D:\\Yasser_Projects\\Taco_Project\\taco-backend\\node_modules\\@nestjs\\core\\injector\\instance-loader.js:22:13)\n    at TestingInstanceLoader.createInstancesOfDependencies (D:\\Yasser_Projects\\Taco_Project\\taco-backend\\node_modules\\@nestjs\\testing\\testing-instance-loader.js:9:9)\n    at TestingModuleBuilder.createInstancesOfDependencies (D:\\Yasser_Projects\\Taco_Project\\taco-backend\\node_modules\\@nestjs\\testing\\testing-module.builder.js:118:9)\n    at TestingModuleBuilder.compile (D:\\Yasser_Projects\\Taco_Project\\taco-backend\\node_modules\\@nestjs\\testing\\testing-module.builder.js:74:9)\n    at Object.<anonymous> (D:\\Yasser_Projects\\Taco_Project\\taco-backend\\test\\reports\\report.service.spec.ts:13:35)"],"fullName":"ReportService getReportsByUser should be defined","invocations":1,"location":null,"numPassingAsserts":0,"retryReasons":[],"status":"failed","title":"should be defined"},{"ancestorTitles":["ReportService","isUserRestricted"],"duration":5,"failureDetails":[{"type":"ReportService","context":{"index":3,"dependencies":["ReportModel","UserModel","PasswordModel","PublicAddressModel",null,null,null,null,null],"name":"PublicAddressModel"},"metadata":{"id":"f740df65cdb7868b5879e"},"moduleRef":{"id":"0d4c7bc18af740df65cdb"}}],"failureMessages":["Error: Nest can't resolve dependencies of the ReportService (ReportModel, UserModel, PasswordModel, ?, AppConfigService, PublicAddressesService, TelegramService, NotificationsService, LoggerService). Please make sure that the argument \"PublicAddressModel\" at index [3] is available in the RootTestModule context.\n\nPotential solutions:\n- Is RootTestModule a valid NestJS module?\n- If \"PublicAddressModel\" is a provider, is it part of the current RootTestModule?\n- If \"PublicAddressModel\" is exported from a separate @Module, is that module imported within RootTestModule?\n  @Module({\n    imports: [ /* the Module containing \"PublicAddressModel\" */ ]\n  })\n\n    at TestingInjector.lookupComponentInParentModules (D:\\Yasser_Projects\\Taco_Project\\taco-backend\\node_modules\\@nestjs\\core\\injector\\injector.js:262:19)\n    at TestingInjector.resolveComponentInstance (D:\\Yasser_Projects\\Taco_Project\\taco-backend\\node_modules\\@nestjs\\core\\injector\\injector.js:215:33)\n    at TestingInjector.resolveComponentInstance (D:\\Yasser_Projects\\Taco_Project\\taco-backend\\node_modules\\@nestjs\\testing\\testing-injector.js:19:45)\n    at resolveParam (D:\\Yasser_Projects\\Taco_Project\\taco-backend\\node_modules\\@nestjs\\core\\injector\\injector.js:129:38)\n    at async Promise.all (index 3)\n    at TestingInjector.resolveConstructorParams (D:\\Yasser_Projects\\Taco_Project\\taco-backend\\node_modules\\@nestjs\\core\\injector\\injector.js:144:27)\n    at TestingInjector.loadInstance (D:\\Yasser_Projects\\Taco_Project\\taco-backend\\node_modules\\@nestjs\\core\\injector\\injector.js:70:13)\n    at TestingInjector.loadProvider (D:\\Yasser_Projects\\Taco_Project\\taco-backend\\node_modules\\@nestjs\\core\\injector\\injector.js:98:9)\n    at D:\\Yasser_Projects\\Taco_Project\\taco-backend\\node_modules\\@nestjs\\core\\injector\\instance-loader.js:56:13\n    at async Promise.all (index 3)\n    at TestingInstanceLoader.createInstancesOfProviders (D:\\Yasser_Projects\\Taco_Project\\taco-backend\\node_modules\\@nestjs\\core\\injector\\instance-loader.js:55:9)\n    at D:\\Yasser_Projects\\Taco_Project\\taco-backend\\node_modules\\@nestjs\\core\\injector\\instance-loader.js:40:13\n    at async Promise.all (index 1)\n    at TestingInstanceLoader.createInstances (D:\\Yasser_Projects\\Taco_Project\\taco-backend\\node_modules\\@nestjs\\core\\injector\\instance-loader.js:39:9)\n    at TestingInstanceLoader.createInstancesOfDependencies (D:\\Yasser_Projects\\Taco_Project\\taco-backend\\node_modules\\@nestjs\\core\\injector\\instance-loader.js:22:13)\n    at TestingInstanceLoader.createInstancesOfDependencies (D:\\Yasser_Projects\\Taco_Project\\taco-backend\\node_modules\\@nestjs\\testing\\testing-instance-loader.js:9:9)\n    at TestingModuleBuilder.createInstancesOfDependencies (D:\\Yasser_Projects\\Taco_Project\\taco-backend\\node_modules\\@nestjs\\testing\\testing-module.builder.js:118:9)\n    at TestingModuleBuilder.compile (D:\\Yasser_Projects\\Taco_Project\\taco-backend\\node_modules\\@nestjs\\testing\\testing-module.builder.js:74:9)\n    at Object.<anonymous> (D:\\Yasser_Projects\\Taco_Project\\taco-backend\\test\\reports\\report.service.spec.ts:13:35)"],"fullName":"ReportService isUserRestricted should be defined","invocations":1,"location":null,"numPassingAsserts":0,"retryReasons":[],"status":"failed","title":"should be defined"},{"ancestorTitles":["ReportService","resolveReport"],"duration":5,"failureDetails":[{"type":"ReportService","context":{"index":3,"dependencies":["ReportModel","UserModel","PasswordModel","PublicAddressModel",null,null,null,null,null],"name":"PublicAddressModel"},"metadata":{"id":"5b0bca67a4d94efd1ed81"},"moduleRef":{"id":"b5879e5c215b0bca67a4d"}}],"failureMessages":["Error: Nest can't resolve dependencies of the ReportService (ReportModel, UserModel, PasswordModel, ?, AppConfigService, PublicAddressesService, TelegramService, NotificationsService, LoggerService). Please make sure that the argument \"PublicAddressModel\" at index [3] is available in the RootTestModule context.\n\nPotential solutions:\n- Is RootTestModule a valid NestJS module?\n- If \"PublicAddressModel\" is a provider, is it part of the current RootTestModule?\n- If \"PublicAddressModel\" is exported from a separate @Module, is that module imported within RootTestModule?\n  @Module({\n    imports: [ /* the Module containing \"PublicAddressModel\" */ ]\n  })\n\n    at TestingInjector.lookupComponentInParentModules (D:\\Yasser_Projects\\Taco_Project\\taco-backend\\node_modules\\@nestjs\\core\\injector\\injector.js:262:19)\n    at TestingInjector.resolveComponentInstance (D:\\Yasser_Projects\\Taco_Project\\taco-backend\\node_modules\\@nestjs\\core\\injector\\injector.js:215:33)\n    at TestingInjector.resolveComponentInstance (D:\\Yasser_Projects\\Taco_Project\\taco-backend\\node_modules\\@nestjs\\testing\\testing-injector.js:19:45)\n    at resolveParam (D:\\Yasser_Projects\\Taco_Project\\taco-backend\\node_modules\\@nestjs\\core\\injector\\injector.js:129:38)\n    at async Promise.all (index 3)\n    at TestingInjector.resolveConstructorParams (D:\\Yasser_Projects\\Taco_Project\\taco-backend\\node_modules\\@nestjs\\core\\injector\\injector.js:144:27)\n    at TestingInjector.loadInstance (D:\\Yasser_Projects\\Taco_Project\\taco-backend\\node_modules\\@nestjs\\core\\injector\\injector.js:70:13)\n    at TestingInjector.loadProvider (D:\\Yasser_Projects\\Taco_Project\\taco-backend\\node_modules\\@nestjs\\core\\injector\\injector.js:98:9)\n    at D:\\Yasser_Projects\\Taco_Project\\taco-backend\\node_modules\\@nestjs\\core\\injector\\instance-loader.js:56:13\n    at async Promise.all (index 3)\n    at TestingInstanceLoader.createInstancesOfProviders (D:\\Yasser_Projects\\Taco_Project\\taco-backend\\node_modules\\@nestjs\\core\\injector\\instance-loader.js:55:9)\n    at D:\\Yasser_Projects\\Taco_Project\\taco-backend\\node_modules\\@nestjs\\core\\injector\\instance-loader.js:40:13\n    at async Promise.all (index 1)\n    at TestingInstanceLoader.createInstances (D:\\Yasser_Projects\\Taco_Project\\taco-backend\\node_modules\\@nestjs\\core\\injector\\instance-loader.js:39:9)\n    at TestingInstanceLoader.createInstancesOfDependencies (D:\\Yasser_Projects\\Taco_Project\\taco-backend\\node_modules\\@nestjs\\core\\injector\\instance-loader.js:22:13)\n    at TestingInstanceLoader.createInstancesOfDependencies (D:\\Yasser_Projects\\Taco_Project\\taco-backend\\node_modules\\@nestjs\\testing\\testing-instance-loader.js:9:9)\n    at TestingModuleBuilder.createInstancesOfDependencies (D:\\Yasser_Projects\\Taco_Project\\taco-backend\\node_modules\\@nestjs\\testing\\testing-module.builder.js:118:9)\n    at TestingModuleBuilder.compile (D:\\Yasser_Projects\\Taco_Project\\taco-backend\\node_modules\\@nestjs\\testing\\testing-module.builder.js:74:9)\n    at Object.<anonymous> (D:\\Yasser_Projects\\Taco_Project\\taco-backend\\test\\reports\\report.service.spec.ts:13:35)"],"fullName":"ReportService resolveReport should be defined","invocations":1,"location":null,"numPassingAsserts":0,"retryReasons":[],"status":"failed","title":"should be defined"},{"ancestorTitles":["ReportService","getAllReportedUsers"],"duration":7,"failureDetails":[{"type":"ReportService","context":{"index":3,"dependencies":["ReportModel","UserModel","PasswordModel","PublicAddressModel",null,null,null,null,null],"name":"PublicAddressModel"},"metadata":{"id":"9751f670388dc1db81c0c"},"moduleRef":{"id":"d1ed81de659751f670388"}}],"failureMessages":["Error: Nest can't resolve dependencies of the ReportService (ReportModel, UserModel, PasswordModel, ?, AppConfigService, PublicAddressesService, TelegramService, NotificationsService, LoggerService). Please make sure that the argument \"PublicAddressModel\" at index [3] is available in the RootTestModule context.\n\nPotential solutions:\n- Is RootTestModule a valid NestJS module?\n- If \"PublicAddressModel\" is a provider, is it part of the current RootTestModule?\n- If \"PublicAddressModel\" is exported from a separate @Module, is that module imported within RootTestModule?\n  @Module({\n    imports: [ /* the Module containing \"PublicAddressModel\" */ ]\n  })\n\n    at TestingInjector.lookupComponentInParentModules (D:\\Yasser_Projects\\Taco_Project\\taco-backend\\node_modules\\@nestjs\\core\\injector\\injector.js:262:19)\n    at TestingInjector.resolveComponentInstance (D:\\Yasser_Projects\\Taco_Project\\taco-backend\\node_modules\\@nestjs\\core\\injector\\injector.js:215:33)\n    at TestingInjector.resolveComponentInstance (D:\\Yasser_Projects\\Taco_Project\\taco-backend\\node_modules\\@nestjs\\testing\\testing-injector.js:19:45)\n    at resolveParam (D:\\Yasser_Projects\\Taco_Project\\taco-backend\\node_modules\\@nestjs\\core\\injector\\injector.js:129:38)\n    at async Promise.all (index 3)\n    at TestingInjector.resolveConstructorParams (D:\\Yasser_Projects\\Taco_Project\\taco-backend\\node_modules\\@nestjs\\core\\injector\\injector.js:144:27)\n    at TestingInjector.loadInstance (D:\\Yasser_Projects\\Taco_Project\\taco-backend\\node_modules\\@nestjs\\core\\injector\\injector.js:70:13)\n    at TestingInjector.loadProvider (D:\\Yasser_Projects\\Taco_Project\\taco-backend\\node_modules\\@nestjs\\core\\injector\\injector.js:98:9)\n    at D:\\Yasser_Projects\\Taco_Project\\taco-backend\\node_modules\\@nestjs\\core\\injector\\instance-loader.js:56:13\n    at async Promise.all (index 3)\n    at TestingInstanceLoader.createInstancesOfProviders (D:\\Yasser_Projects\\Taco_Project\\taco-backend\\node_modules\\@nestjs\\core\\injector\\instance-loader.js:55:9)\n    at D:\\Yasser_Projects\\Taco_Project\\taco-backend\\node_modules\\@nestjs\\core\\injector\\instance-loader.js:40:13\n    at async Promise.all (index 1)\n    at TestingInstanceLoader.createInstances (D:\\Yasser_Projects\\Taco_Project\\taco-backend\\node_modules\\@nestjs\\core\\injector\\instance-loader.js:39:9)\n    at TestingInstanceLoader.createInstancesOfDependencies (D:\\Yasser_Projects\\Taco_Project\\taco-backend\\node_modules\\@nestjs\\core\\injector\\instance-loader.js:22:13)\n    at TestingInstanceLoader.createInstancesOfDependencies (D:\\Yasser_Projects\\Taco_Project\\taco-backend\\node_modules\\@nestjs\\testing\\testing-instance-loader.js:9:9)\n    at TestingModuleBuilder.createInstancesOfDependencies (D:\\Yasser_Projects\\Taco_Project\\taco-backend\\node_modules\\@nestjs\\testing\\testing-module.builder.js:118:9)\n    at TestingModuleBuilder.compile (D:\\Yasser_Projects\\Taco_Project\\taco-backend\\node_modules\\@nestjs\\testing\\testing-module.builder.js:74:9)\n    at Object.<anonymous> (D:\\Yasser_Projects\\Taco_Project\\taco-backend\\test\\reports\\report.service.spec.ts:13:35)"],"fullName":"ReportService getAllReportedUsers should be defined","invocations":1,"location":null,"numPassingAsserts":0,"retryReasons":[],"status":"failed","title":"should be defined"}],"endTime":1765969904093,"message":"\u001b[1m\u001b[31m  \u001b[1m● \u001b[22m\u001b[1mReportService › should be defined\u001b[39m\u001b[22m\n\n    Nest can't resolve dependencies of the ReportService (ReportModel, UserModel, PasswordModel, ?, AppConfigService, PublicAddressesService, TelegramService, NotificationsService, LoggerService). Please make sure that the argument \"PublicAddressModel\" at index [3] is available in the RootTestModule context.\n\n    Potential solutions:\n    - Is RootTestModule a valid NestJS module?\n    - If \"PublicAddressModel\" is a provider, is it part of the current RootTestModule?\n    - If \"PublicAddressModel\" is exported from a separate @Module, is that module imported within RootTestModule?\n      @Module({\n        imports: [ /* the Module containing \"PublicAddressModel\" */ ]\n      })\n\u001b[2m\u001b[22m\n\u001b[2m    \u001b[0m \u001b[90m 11 |\u001b[39m\u001b[22m\n\u001b[2m     \u001b[90m 12 |\u001b[39m   beforeEach(\u001b[36masync\u001b[39m () \u001b[33m=>\u001b[39m {\u001b[22m\n\u001b[2m    \u001b[31m\u001b[1m>\u001b[22m\u001b[2m\u001b[39m\u001b[90m 13 |\u001b[39m     \u001b[36mconst\u001b[39m module\u001b[33m:\u001b[39m \u001b[33mTestingModule\u001b[39m \u001b[33m=\u001b[39m \u001b[36mawait\u001b[39m \u001b[33mTest\u001b[39m\u001b[33m.\u001b[39mcreateTestingModule({\u001b[22m\n\u001b[2m     \u001b[90m    |\u001b[39m                                   \u001b[31m\u001b[1m^\u001b[22m\u001b[2m\u001b[39m\u001b[22m\n\u001b[2m     \u001b[90m 14 |\u001b[39m       providers\u001b[33m:\u001b[39m [\u001b[22m\n\u001b[2m     \u001b[90m 15 |\u001b[39m         \u001b[33mReportService\u001b[39m\u001b[33m,\u001b[39m\u001b[22m\n\u001b[2m     \u001b[90m 16 |\u001b[39m         {\u001b[0m\u001b[22m\n\u001b[2m\u001b[22m\n\u001b[2m      \u001b[2mat TestingInjector.lookupComponentInParentModules (\u001b[22m\u001b[2mnode_modules/@nestjs/core/injector/injector.js\u001b[2m:262:19)\u001b[22m\u001b[2m\u001b[22m\n\u001b[2m      \u001b[2mat TestingInjector.resolveComponentInstance (\u001b[22m\u001b[2mnode_modules/@nestjs/core/injector/injector.js\u001b[2m:215:33)\u001b[22m\u001b[2m\u001b[22m\n\u001b[2m      \u001b[2mat TestingInjector.resolveComponentInstance (\u001b[22m\u001b[2mnode_modules/@nestjs/testing/testing-injector.js\u001b[2m:19:45)\u001b[22m\u001b[2m\u001b[22m\n\u001b[2m      \u001b[2mat resolveParam (\u001b[22m\u001b[2mnode_modules/@nestjs/core/injector/injector.js\u001b[2m:129:38)\u001b[22m\u001b[2m\u001b[22m\n\u001b[2m          at async Promise.all (index 3)\u001b[22m\n\u001b[2m      \u001b[2mat TestingInjector.resolveConstructorParams (\u001b[22m\u001b[2mnode_modules/@nestjs/core/injector/injector.js\u001b[2m:144:27)\u001b[22m\u001b[2m\u001b[22m\n\u001b[2m      \u001b[2mat TestingInjector.loadInstance (\u001b[22m\u001b[2mnode_modules/@nestjs/core/injector/injector.js\u001b[2m:70:13)\u001b[22m\u001b[2m\u001b[22m\n\u001b[2m      \u001b[2mat TestingInjector.loadProvider (\u001b[22m\u001b[2mnode_modules/@nestjs/core/injector/injector.js\u001b[2m:98:9)\u001b[22m\u001b[2m\u001b[22m\n\u001b[2m      \u001b[2mat \u001b[22m\u001b[2mnode_modules/@nestjs/core/injector/instance-loader.js\u001b[2m:56:13\u001b[22m\u001b[2m\u001b[22m\n\u001b[2m          at async Promise.all (index 3)\u001b[22m\n\u001b[2m      \u001b[2mat TestingInstanceLoader.createInstancesOfProviders (\u001b[22m\u001b[2mnode_modules/@nestjs/core/injector/instance-loader.js\u001b[2m:55:9)\u001b[22m\u001b[2m\u001b[22m\n\u001b[2m      \u001b[2mat \u001b[22m\u001b[2mnode_modules/@nestjs/core/injector/instance-loader.js\u001b[2m:40:13\u001b[22m\u001b[2m\u001b[22m\n\u001b[2m          at async Promise.all (index 1)\u001b[22m\n\u001b[2m      \u001b[2mat TestingInstanceLoader.createInstances (\u001b[22m\u001b[2mnode_modules/@nestjs/core/injector/instance-loader.js\u001b[2m:39:9)\u001b[22m\u001b[2m\u001b[22m\n\u001b[2m      \u001b[2mat TestingInstanceLoader.createInstancesOfDependencies (\u001b[22m\u001b[2mnode_modules/@nestjs/core/injector/instance-loader.js\u001b[2m:22:13)\u001b[22m\u001b[2m\u001b[22m\n\u001b[2m      \u001b[2mat TestingInstanceLoader.createInstancesOfDependencies (\u001b[22m\u001b[2mnode_modules/@nestjs/testing/testing-instance-loader.js\u001b[2m:9:9)\u001b[22m\u001b[2m\u001b[22m\n\u001b[2m      \u001b[2mat TestingModuleBuilder.createInstancesOfDependencies (\u001b[22m\u001b[2mnode_modules/@nestjs/testing/testing-module.builder.js\u001b[2m:118:9)\u001b[22m\u001b[2m\u001b[22m\n\u001b[2m      \u001b[2mat TestingModuleBuilder.compile (\u001b[22m\u001b[2mnode_modules/@nestjs/testing/testing-module.builder.js\u001b[2m:74:9)\u001b[22m\u001b[2m\u001b[22m\n\u001b[2m      \u001b[2mat Object.<anonymous> (\u001b[22m\u001b[2m\u001b[0m\u001b[36mtest/reports/report.service.spec.ts\u001b[39m\u001b[0m\u001b[2m:13:35)\u001b[22m\u001b[2m\u001b[22m\n\n\u001b[1m\u001b[31m  \u001b[1m● \u001b[22m\u001b[1mReportService › reportUser › should be defined\u001b[39m\u001b[22m\n\n    Nest can't resolve dependencies of the ReportService (ReportModel, UserModel, PasswordModel, ?, AppConfigService, PublicAddressesService, TelegramService, NotificationsService, LoggerService). Please make sure that the argument \"PublicAddressModel\" at index [3] is available in the RootTestModule context.\n\n    Potential solutions:\n    - Is RootTestModule a valid NestJS module?\n    - If \"PublicAddressModel\" is a provider, is it part of the current RootTestModule?\n    - If \"PublicAddressModel\" is exported from a separate @Module, is that module imported within RootTestModule?\n      @Module({\n        imports: [ /* the Module containing \"PublicAddressModel\" */ ]\n      })\n\u001b[2m\u001b[22m\n\u001b[2m    \u001b[0m \u001b[90m 11 |\u001b[39m\u001b[22m\n\u001b[2m     \u001b[90m 12 |\u001b[39m   beforeEach(\u001b[36masync\u001b[39m () \u001b[33m=>\u001b[39m {\u001b[22m\n\u001b[2m    \u001b[31m\u001b[1m>\u001b[22m\u001b[2m\u001b[39m\u001b[90m 13 |\u001b[39m     \u001b[36mconst\u001b[39m module\u001b[33m:\u001b[39m \u001b[33mTestingModule\u001b[39m \u001b[33m=\u001b[39m \u001b[36mawait\u001b[39m \u001b[33mTest\u001b[39m\u001b[33m.\u001b[39mcreateTestingModule({\u001b[22m\n\u001b[2m     \u001b[90m    |\u001b[39m                                   \u001b[31m\u001b[1m^\u001b[22m\u001b[2m\u001b[39m\u001b[22m\n\u001b[2m     \u001b[90m 14 |\u001b[39m       providers\u001b[33m:\u001b[39m [\u001b[22m\n\u001b[2m     \u001b[90m 15 |\u001b[39m         \u001b[33mReportService\u001b[39m\u001b[33m,\u001b[39m\u001b[22m\n\u001b[2m     \u001b[90m 16 |\u001b[39m         {\u001b[0m\u001b[22m\n\u001b[2m\u001b[22m\n\u001b[2m      \u001b[2mat TestingInjector.lookupComponentInParentModules (\u001b[22m\u001b[2mnode_modules/@nestjs/core/injector/injector.js\u001b[2m:262:19)\u001b[22m\u001b[2m\u001b[22m\n\u001b[2m      \u001b[2mat TestingInjector.resolveComponentInstance (\u001b[22m\u001b[2mnode_modules/@nestjs/core/injector/injector.js\u001b[2m:215:33)\u001b[22m\u001b[2m\u001b[22m\n\u001b[2m      \u001b[2mat TestingInjector.resolveComponentInstance (\u001b[22m\u001b[2mnode_modules/@nestjs/testing/testing-injector.js\u001b[2m:19:45)\u001b[22m\u001b[2m\u001b[22m\n\u001b[2m      \u001b[2mat resolveParam (\u001b[22m\u001b[2mnode_modules/@nestjs/core/injector/injector.js\u001b[2m:129:38)\u001b[22m\u001b[2m\u001b[22m\n\u001b[2m          at async Promise.all (index 3)\u001b[22m\n\u001b[2m      \u001b[2mat TestingInjector.resolveConstructorParams (\u001b[22m\u001b[2mnode_modules/@nestjs/core/injector/injector.js\u001b[2m:144:27)\u001b[22m\u001b[2m\u001b[22m\n\u001b[2m      \u001b[2mat TestingInjector.loadInstance (\u001b[22m\u001b[2mnode_modules/@nestjs/core/injector/injector.js\u001b[2m:70:13)\u001b[22m\u001b[2m\u001b[22m\n\u001b[2m      \u001b[2mat TestingInjector.loadProvider (\u001b[22m\u001b[2mnode_modules/@nestjs/core/injector/injector.js\u001b[2m:98:9)\u001b[22m\u001b[2m\u001b[22m\n\u001b[2m      \u001b[2mat \u001b[22m\u001b[2mnode_modules/@nestjs/core/injector/instance-loader.js\u001b[2m:56:13\u001b[22m\u001b[2m\u001b[22m\n\u001b[2m          at async Promise.all (index 3)\u001b[22m\n\u001b[2m      \u001b[2mat TestingInstanceLoader.createInstancesOfProviders (\u001b[22m\u001b[2mnode_modules/@nestjs/core/injector/instance-loader.js\u001b[2m:55:9)\u001b[22m\u001b[2m\u001b[22m\n\u001b[2m      \u001b[2mat \u001b[22m\u001b[2mnode_modules/@nestjs/core/injector/instance-loader.js\u001b[2m:40:13\u001b[22m\u001b[2m\u001b[22m\n\u001b[2m          at async Promise.all (index 1)\u001b[22m\n\u001b[2m      \u001b[2mat TestingInstanceLoader.createInstances (\u001b[22m\u001b[2mnode_modules/@nestjs/core/injector/instance-loader.js\u001b[2m:39:9)\u001b[22m\u001b[2m\u001b[22m\n\u001b[2m      \u001b[2mat TestingInstanceLoader.createInstancesOfDependencies (\u001b[22m\u001b[2mnode_modules/@nestjs/core/injector/instance-loader.js\u001b[2m:22:13)\u001b[22m\u001b[2m\u001b[22m\n\u001b[2m      \u001b[2mat TestingInstanceLoader.createInstancesOfDependencies (\u001b[22m\u001b[2mnode_modules/@nestjs/testing/testing-instance-loader.js\u001b[2m:9:9)\u001b[22m\u001b[2m\u001b[22m\n\u001b[2m      \u001b[2mat TestingModuleBuilder.createInstancesOfDependencies (\u001b[22m\u001b[2mnode_modules/@nestjs/testing/testing-module.builder.js\u001b[2m:118:9)\u001b[22m\u001b[2m\u001b[22m\n\u001b[2m      \u001b[2mat TestingModuleBuilder.compile (\u001b[22m\u001b[2mnode_modules/@nestjs/testing/testing-module.builder.js\u001b[2m:74:9)\u001b[22m\u001b[2m\u001b[22m\n\u001b[2m      \u001b[2mat Object.<anonymous> (\u001b[22m\u001b[2m\u001b[0m\u001b[36mtest/reports/report.service.spec.ts\u001b[39m\u001b[0m\u001b[2m:13:35)\u001b[22m\u001b[2m\u001b[22m\n\n\u001b[1m\u001b[31m  \u001b[1m● \u001b[22m\u001b[1mReportService › getReportsByUser › should be defined\u001b[39m\u001b[22m\n\n    Nest can't resolve dependencies of the ReportService (ReportModel, UserModel, PasswordModel, ?, AppConfigService, PublicAddressesService, TelegramService, NotificationsService, LoggerService). Please make sure that the argument \"PublicAddressModel\" at index [3] is available in the RootTestModule context.\n\n    Potential solutions:\n    - Is RootTestModule a valid NestJS module?\n    - If \"PublicAddressModel\" is a provider, is it part of the current RootTestModule?\n    - If \"PublicAddressModel\" is exported from a separate @Module, is that module imported within RootTestModule?\n      @Module({\n        imports: [ /* the Module containing \"PublicAddressModel\" */ ]\n      })\n\u001b[2m\u001b[22m\n\u001b[2m    \u001b[0m \u001b[90m 11 |\u001b[39m\u001b[22m\n\u001b[2m     \u001b[90m 12 |\u001b[39m   beforeEach(\u001b[36masync\u001b[39m () \u001b[33m=>\u001b[39m {\u001b[22m\n\u001b[2m    \u001b[31m\u001b[1m>\u001b[22m\u001b[2m\u001b[39m\u001b[90m 13 |\u001b[39m     \u001b[36mconst\u001b[39m module\u001b[33m:\u001b[39m \u001b[33mTestingModule\u001b[39m \u001b[33m=\u001b[39m \u001b[36mawait\u001b[39m \u001b[33mTest\u001b[39m\u001b[33m.\u001b[39mcreateTestingModule({\u001b[22m\n\u001b[2m     \u001b[90m    |\u001b[39m                                   \u001b[31m\u001b[1m^\u001b[22m\u001b[2m\u001b[39m\u001b[22m\n\u001b[2m     \u001b[90m 14 |\u001b[39m       providers\u001b[33m:\u001b[39m [\u001b[22m\n\u001b[2m     \u001b[90m 15 |\u001b[39m         \u001b[33mReportService\u001b[39m\u001b[33m,\u001b[39m\u001b[22m\n\u001b[2m     \u001b[90m 16 |\u001b[39m         {\u001b[0m\u001b[22m\n\u001b[2m\u001b[22m\n\u001b[2m      \u001b[2mat TestingInjector.lookupComponentInParentModules (\u001b[22m\u001b[2mnode_modules/@nestjs/core/injector/injector.js\u001b[2m:262:19)\u001b[22m\u001b[2m\u001b[22m\n\u001b[2m      \u001b[2mat TestingInjector.resolveComponentInstance (\u001b[22m\u001b[2mnode_modules/@nestjs/core/injector/injector.js\u001b[2m:215:33)\u001b[22m\u001b[2m\u001b[22m\n\u001b[2m      \u001b[2mat TestingInjector.resolveComponentInstance (\u001b[22m\u001b[2mnode_modules/@nestjs/testing/testing-injector.js\u001b[2m:19:45)\u001b[22m\u001b[2m\u001b[22m\n\u001b[2m      \u001b[2mat resolveParam (\u001b[22m\u001b[2mnode_modules/@nestjs/core/injector/injector.js\u001b[2m:129:38)\u001b[22m\u001b[2m\u001b[22m\n\u001b[2m          at async Promise.all (index 3)\u001b[22m\n\u001b[2m      \u001b[2mat TestingInjector.resolveConstructorParams (\u001b[22m\u001b[2mnode_modules/@nestjs/core/injector/injector.js\u001b[2m:144:27)\u001b[22m\u001b[2m\u001b[22m\n\u001b[2m      \u001b[2mat TestingInjector.loadInstance (\u001b[22m\u001b[2mnode_modules/@nestjs/core/injector/injector.js\u001b[2m:70:13)\u001b[22m\u001b[2m\u001b[22m\n\u001b[2m      \u001b[2mat TestingInjector.loadProvider (\u001b[22m\u001b[2mnode_modules/@nestjs/core/injector/injector.js\u001b[2m:98:9)\u001b[22m\u001b[2m\u001b[22m\n\u001b[2m      \u001b[2mat \u001b[22m\u001b[2mnode_modules/@nestjs/core/injector/instance-loader.js\u001b[2m:56:13\u001b[22m\u001b[2m\u001b[22m\n\u001b[2m          at async Promise.all (index 3)\u001b[22m\n\u001b[2m      \u001b[2mat TestingInstanceLoader.createInstancesOfProviders (\u001b[22m\u001b[2mnode_modules/@nestjs/core/injector/instance-loader.js\u001b[2m:55:9)\u001b[22m\u001b[2m\u001b[22m\n\u001b[2m      \u001b[2mat \u001b[22m\u001b[2mnode_modules/@nestjs/core/injector/instance-loader.js\u001b[2m:40:13\u001b[22m\u001b[2m\u001b[22m\n\u001b[2m          at async Promise.all (index 1)\u001b[22m\n\u001b[2m      \u001b[2mat TestingInstanceLoader.createInstances (\u001b[22m\u001b[2mnode_modules/@nestjs/core/injector/instance-loader.js\u001b[2m:39:9)\u001b[22m\u001b[2m\u001b[22m\n\u001b[2m      \u001b[2mat TestingInstanceLoader.createInstancesOfDependencies (\u001b[22m\u001b[2mnode_modules/@nestjs/core/injector/instance-loader.js\u001b[2m:22:13)\u001b[22m\u001b[2m\u001b[22m\n\u001b[2m      \u001b[2mat TestingInstanceLoader.createInstancesOfDependencies (\u001b[22m\u001b[2mnode_modules/@nestjs/testing/testing-instance-loader.js\u001b[2m:9:9)\u001b[22m\u001b[2m\u001b[22m\n\u001b[2m      \u001b[2mat TestingModuleBuilder.createInstancesOfDependencies (\u001b[22m\u001b[2mnode_modules/@nestjs/testing/testing-module.builder.js\u001b[2m:118:9)\u001b[22m\u001b[2m\u001b[22m\n\u001b[2m      \u001b[2mat TestingModuleBuilder.compile (\u001b[22m\u001b[2mnode_modules/@nestjs/testing/testing-module.builder.js\u001b[2m:74:9)\u001b[22m\u001b[2m\u001b[22m\n\u001b[2m      \u001b[2mat Object.<anonymous> (\u001b[22m\u001b[2m\u001b[0m\u001b[36mtest/reports/report.service.spec.ts\u001b[39m\u001b[0m\u001b[2m:13:35)\u001b[22m\u001b[2m\u001b[22m\n\n\u001b[1m\u001b[31m  \u001b[1m● \u001b[22m\u001b[1mReportService › isUserRestricted › should be defined\u001b[39m\u001b[22m\n\n    Nest can't resolve dependencies of the ReportService (ReportModel, UserModel, PasswordModel, ?, AppConfigService, PublicAddressesService, TelegramService, NotificationsService, LoggerService). Please make sure that the argument \"PublicAddressModel\" at index [3] is available in the RootTestModule context.\n\n    Potential solutions:\n    - Is RootTestModule a valid NestJS module?\n    - If \"PublicAddressModel\" is a provider, is it part of the current RootTestModule?\n    - If \"PublicAddressModel\" is exported from a separate @Module, is that module imported within RootTestModule?\n      @Module({\n        imports: [ /* the Module containing \"PublicAddressModel\" */ ]\n      })\n\u001b[2m\u001b[22m\n\u001b[2m    \u001b[0m \u001b[90m 11 |\u001b[39m\u001b[22m\n\u001b[2m     \u001b[90m 12 |\u001b[39m   beforeEach(\u001b[36masync\u001b[39m () \u001b[33m=>\u001b[39m {\u001b[22m\n\u001b[2m    \u001b[31m\u001b[1m>\u001b[22m\u001b[2m\u001b[39m\u001b[90m 13 |\u001b[39m     \u001b[36mconst\u001b[39m module\u001b[33m:\u001b[39m \u001b[33mTestingModule\u001b[39m \u001b[33m=\u001b[39m \u001b[36mawait\u001b[39m \u001b[33mTest\u001b[39m\u001b[33m.\u001b[39mcreateTestingModule({\u001b[22m\n\u001b[2m     \u001b[90m    |\u001b[39m                                   \u001b[31m\u001b[1m^\u001b[22m\u001b[2m\u001b[39m\u001b[22m\n\u001b[2m     \u001b[90m 14 |\u001b[39m       providers\u001b[33m:\u001b[39m [\u001b[22m\n\u001b[2m     \u001b[90m 15 |\u001b[39m         \u001b[33mReportService\u001b[39m\u001b[33m,\u001b[39m\u001b[22m\n\u001b[2m     \u001b[90m 16 |\u001b[39m         {\u001b[0m\u001b[22m\n\u001b[2m\u001b[22m\n\u001b[2m      \u001b[2mat TestingInjector.lookupComponentInParentModules (\u001b[22m\u001b[2mnode_modules/@nestjs/core/injector/injector.js\u001b[2m:262:19)\u001b[22m\u001b[2m\u001b[22m\n\u001b[2m      \u001b[2mat TestingInjector.resolveComponentInstance (\u001b[22m\u001b[2mnode_modules/@nestjs/core/injector/injector.js\u001b[2m:215:33)\u001b[22m\u001b[2m\u001b[22m\n\u001b[2m      \u001b[2mat TestingInjector.resolveComponentInstance (\u001b[22m\u001b[2mnode_modules/@nestjs/testing/testing-injector.js\u001b[2m:19:45)\u001b[22m\u001b[2m\u001b[22m\n\u001b[2m      \u001b[2mat resolveParam (\u001b[22m\u001b[2mnode_modules/@nestjs/core/injector/injector.js\u001b[2m:129:38)\u001b[22m\u001b[2m\u001b[22m\n\u001b[2m          at async Promise.all (index 3)\u001b[22m\n\u001b[2m      \u001b[2mat TestingInjector.resolveConstructorParams (\u001b[22m\u001b[2mnode_modules/@nestjs/core/injector/injector.js\u001b[2m:144:27)\u001b[22m\u001b[2m\u001b[22m\n\u001b[2m      \u001b[2mat TestingInjector.loadInstance (\u001b[22m\u001b[2mnode_modules/@nestjs/core/injector/injector.js\u001b[2m:70:13)\u001b[22m\u001b[2m\u001b[22m\n\u001b[2m      \u001b[2mat TestingInjector.loadProvider (\u001b[22m\u001b[2mnode_modules/@nestjs/core/injector/injector.js\u001b[2m:98:9)\u001b[22m\u001b[2m\u001b[22m\n\u001b[2m      \u001b[2mat \u001b[22m\u001b[2mnode_modules/@nestjs/core/injector/instance-loader.js\u001b[2m:56:13\u001b[22m\u001b[2m\u001b[22m\n\u001b[2m          at async Promise.all (index 3)\u001b[22m\n\u001b[2m      \u001b[2mat TestingInstanceLoader.createInstancesOfProviders (\u001b[22m\u001b[2mnode_modules/@nestjs/core/injector/instance-loader.js\u001b[2m:55:9)\u001b[22m\u001b[2m\u001b[22m\n\u001b[2m      \u001b[2mat \u001b[22m\u001b[2mnode_modules/@nestjs/core/injector/instance-loader.js\u001b[2m:40:13\u001b[22m\u001b[2m\u001b[22m\n\u001b[2m          at async Promise.all (index 1)\u001b[22m\n\u001b[2m      \u001b[2mat TestingInstanceLoader.createInstances (\u001b[22m\u001b[2mnode_modules/@nestjs/core/injector/instance-loader.js\u001b[2m:39:9)\u001b[22m\u001b[2m\u001b[22m\n\u001b[2m      \u001b[2mat TestingInstanceLoader.createInstancesOfDependencies (\u001b[22m\u001b[2mnode_modules/@nestjs/core/injector/instance-loader.js\u001b[2m:22:13)\u001b[22m\u001b[2m\u001b[22m\n\u001b[2m      \u001b[2mat TestingInstanceLoader.createInstancesOfDependencies (\u001b[22m\u001b[2mnode_modules/@nestjs/testing/testing-instance-loader.js\u001b[2m:9:9)\u001b[22m\u001b[2m\u001b[22m\n\u001b[2m      \u001b[2mat TestingModuleBuilder.createInstancesOfDependencies (\u001b[22m\u001b[2mnode_modules/@nestjs/testing/testing-module.builder.js\u001b[2m:118:9)\u001b[22m\u001b[2m\u001b[22m\n\u001b[2m      \u001b[2mat TestingModuleBuilder.compile (\u001b[22m\u001b[2mnode_modules/@nestjs/testing/testing-module.builder.js\u001b[2m:74:9)\u001b[22m\u001b[2m\u001b[22m\n\u001b[2m      \u001b[2mat Object.<anonymous> (\u001b[22m\u001b[2m\u001b[0m\u001b[36mtest/reports/report.service.spec.ts\u001b[39m\u001b[0m\u001b[2m:13:35)\u001b[22m\u001b[2m\u001b[22m\n\n\u001b[1m\u001b[31m  \u001b[1m● \u001b[22m\u001b[1mReportService › resolveReport › should be defined\u001b[39m\u001b[22m\n\n    Nest can't resolve dependencies of the ReportService (ReportModel, UserModel, PasswordModel, ?, AppConfigService, PublicAddressesService, TelegramService, NotificationsService, LoggerService). Please make sure that the argument \"PublicAddressModel\" at index [3] is available in the RootTestModule context.\n\n    Potential solutions:\n    - Is RootTestModule a valid NestJS module?\n    - If \"PublicAddressModel\" is a provider, is it part of the current RootTestModule?\n    - If \"PublicAddressModel\" is exported from a separate @Module, is that module imported within RootTestModule?\n      @Module({\n        imports: [ /* the Module containing \"PublicAddressModel\" */ ]\n      })\n\u001b[2m\u001b[22m\n\u001b[2m    \u001b[0m \u001b[90m 11 |\u001b[39m\u001b[22m\n\u001b[2m     \u001b[90m 12 |\u001b[39m   beforeEach(\u001b[36masync\u001b[39m () \u001b[33m=>\u001b[39m {\u001b[22m\n\u001b[2m    \u001b[31m\u001b[1m>\u001b[22m\u001b[2m\u001b[39m\u001b[90m 13 |\u001b[39m     \u001b[36mconst\u001b[39m module\u001b[33m:\u001b[39m \u001b[33mTestingModule\u001b[39m \u001b[33m=\u001b[39m \u001b[36mawait\u001b[39m \u001b[33mTest\u001b[39m\u001b[33m.\u001b[39mcreateTestingModule({\u001b[22m\n\u001b[2m     \u001b[90m    |\u001b[39m                                   \u001b[31m\u001b[1m^\u001b[22m\u001b[2m\u001b[39m\u001b[22m\n\u001b[2m     \u001b[90m 14 |\u001b[39m       providers\u001b[33m:\u001b[39m [\u001b[22m\n\u001b[2m     \u001b[90m 15 |\u001b[39m         \u001b[33mReportService\u001b[39m\u001b[33m,\u001b[39m\u001b[22m\n\u001b[2m     \u001b[90m 16 |\u001b[39m         {\u001b[0m\u001b[22m\n\u001b[2m\u001b[22m\n\u001b[2m      \u001b[2mat TestingInjector.lookupComponentInParentModules (\u001b[22m\u001b[2mnode_modules/@nestjs/core/injector/injector.js\u001b[2m:262:19)\u001b[22m\u001b[2m\u001b[22m\n\u001b[2m      \u001b[2mat TestingInjector.resolveComponentInstance (\u001b[22m\u001b[2mnode_modules/@nestjs/core/injector/injector.js\u001b[2m:215:33)\u001b[22m\u001b[2m\u001b[22m\n\u001b[2m      \u001b[2mat TestingInjector.resolveComponentInstance (\u001b[22m\u001b[2mnode_modules/@nestjs/testing/testing-injector.js\u001b[2m:19:45)\u001b[22m\u001b[2m\u001b[22m\n\u001b[2m      \u001b[2mat resolveParam (\u001b[22m\u001b[2mnode_modules/@nestjs/core/injector/injector.js\u001b[2m:129:38)\u001b[22m\u001b[2m\u001b[22m\n\u001b[2m          at async Promise.all (index 3)\u001b[22m\n\u001b[2m      \u001b[2mat TestingInjector.resolveConstructorParams (\u001b[22m\u001b[2mnode_modules/@nestjs/core/injector/injector.js\u001b[2m:144:27)\u001b[22m\u001b[2m\u001b[22m\n\u001b[2m      \u001b[2mat TestingInjector.loadInstance (\u001b[22m\u001b[2mnode_modules/@nestjs/core/injector/injector.js\u001b[2m:70:13)\u001b[22m\u001b[2m\u001b[22m\n\u001b[2m      \u001b[2mat TestingInjector.loadProvider (\u001b[22m\u001b[2mnode_modules/@nestjs/core/injector/injector.js\u001b[2m:98:9)\u001b[22m\u001b[2m\u001b[22m\n\u001b[2m      \u001b[2mat \u001b[22m\u001b[2mnode_modules/@nestjs/core/injector/instance-loader.js\u001b[2m:56:13\u001b[22m\u001b[2m\u001b[22m\n\u001b[2m          at async Promise.all (index 3)\u001b[22m\n\u001b[2m      \u001b[2mat TestingInstanceLoader.createInstancesOfProviders (\u001b[22m\u001b[2mnode_modules/@nestjs/core/injector/instance-loader.js\u001b[2m:55:9)\u001b[22m\u001b[2m\u001b[22m\n\u001b[2m      \u001b[2mat \u001b[22m\u001b[2mnode_modules/@nestjs/core/injector/instance-loader.js\u001b[2m:40:13\u001b[22m\u001b[2m\u001b[22m\n\u001b[2m          at async Promise.all (index 1)\u001b[22m\n\u001b[2m      \u001b[2mat TestingInstanceLoader.createInstances (\u001b[22m\u001b[2mnode_modules/@nestjs/core/injector/instance-loader.js\u001b[2m:39:9)\u001b[22m\u001b[2m\u001b[22m\n\u001b[2m      \u001b[2mat TestingInstanceLoader.createInstancesOfDependencies (\u001b[22m\u001b[2mnode_modules/@nestjs/core/injector/instance-loader.js\u001b[2m:22:13)\u001b[22m\u001b[2m\u001b[22m\n\u001b[2m      \u001b[2mat TestingInstanceLoader.createInstancesOfDependencies (\u001b[22m\u001b[2mnode_modules/@nestjs/testing/testing-instance-loader.js\u001b[2m:9:9)\u001b[22m\u001b[2m\u001b[22m\n\u001b[2m      \u001b[2mat TestingModuleBuilder.createInstancesOfDependencies (\u001b[22m\u001b[2mnode_modules/@nestjs/testing/testing-module.builder.js\u001b[2m:118:9)\u001b[22m\u001b[2m\u001b[22m\n\u001b[2m      \u001b[2mat TestingModuleBuilder.compile (\u001b[22m\u001b[2mnode_modules/@nestjs/testing/testing-module.builder.js\u001b[2m:74:9)\u001b[22m\u001b[2m\u001b[22m\n\u001b[2m      \u001b[2mat Object.<anonymous> (\u001b[22m\u001b[2m\u001b[0m\u001b[36mtest/reports/report.service.spec.ts\u001b[39m\u001b[0m\u001b[2m:13:35)\u001b[22m\u001b[2m\u001b[22m\n\n\u001b[1m\u001b[31m  \u001b[1m● \u001b[22m\u001b[1mReportService › getAllReportedUsers › should be defined\u001b[39m\u001b[22m\n\n    Nest can't resolve dependencies of the ReportService (ReportModel, UserModel, PasswordModel, ?, AppConfigService, PublicAddressesService, TelegramService, NotificationsService, LoggerService). Please make sure that the argument \"PublicAddressModel\" at index [3] is available in the RootTestModule context.\n\n    Potential solutions:\n    - Is RootTestModule a valid NestJS module?\n    - If \"PublicAddressModel\" is a provider, is it part of the current RootTestModule?\n    - If \"PublicAddressModel\" is exported from a separate @Module, is that module imported within RootTestModule?\n      @Module({\n        imports: [ /* the Module containing \"PublicAddressModel\" */ ]\n      })\n\u001b[2m\u001b[22m\n\u001b[2m    \u001b[0m \u001b[90m 11 |\u001b[39m\u001b[22m\n\u001b[2m     \u001b[90m 12 |\u001b[39m   beforeEach(\u001b[36masync\u001b[39m () \u001b[33m=>\u001b[39m {\u001b[22m\n\u001b[2m    \u001b[31m\u001b[1m>\u001b[22m\u001b[2m\u001b[39m\u001b[90m 13 |\u001b[39m     \u001b[36mconst\u001b[39m module\u001b[33m:\u001b[39m \u001b[33mTestingModule\u001b[39m \u001b[33m=\u001b[39m \u001b[36mawait\u001b[39m \u001b[33mTest\u001b[39m\u001b[33m.\u001b[39mcreateTestingModule({\u001b[22m\n\u001b[2m     \u001b[90m    |\u001b[39m                                   \u001b[31m\u001b[1m^\u001b[22m\u001b[2m\u001b[39m\u001b[22m\n\u001b[2m     \u001b[90m 14 |\u001b[39m       providers\u001b[33m:\u001b[39m [\u001b[22m\n\u001b[2m     \u001b[90m 15 |\u001b[39m         \u001b[33mReportService\u001b[39m\u001b[33m,\u001b[39m\u001b[22m\n\u001b[2m     \u001b[90m 16 |\u001b[39m         {\u001b[0m\u001b[22m\n\u001b[2m\u001b[22m\n\u001b[2m      \u001b[2mat TestingInjector.lookupComponentInParentModules (\u001b[22m\u001b[2mnode_modules/@nestjs/core/injector/injector.js\u001b[2m:262:19)\u001b[22m\u001b[2m\u001b[22m\n\u001b[2m      \u001b[2mat TestingInjector.resolveComponentInstance (\u001b[22m\u001b[2mnode_modules/@nestjs/core/injector/injector.js\u001b[2m:215:33)\u001b[22m\u001b[2m\u001b[22m\n\u001b[2m      \u001b[2mat TestingInjector.resolveComponentInstance (\u001b[22m\u001b[2mnode_modules/@nestjs/testing/testing-injector.js\u001b[2m:19:45)\u001b[22m\u001b[2m\u001b[22m\n\u001b[2m      \u001b[2mat resolveParam (\u001b[22m\u001b[2mnode_modules/@nestjs/core/injector/injector.js\u001b[2m:129:38)\u001b[22m\u001b[2m\u001b[22m\n\u001b[2m          at async Promise.all (index 3)\u001b[22m\n\u001b[2m      \u001b[2mat TestingInjector.resolveConstructorParams (\u001b[22m\u001b[2mnode_modules/@nestjs/core/injector/injector.js\u001b[2m:144:27)\u001b[22m\u001b[2m\u001b[22m\n\u001b[2m      \u001b[2mat TestingInjector.loadInstance (\u001b[22m\u001b[2mnode_modules/@nestjs/core/injector/injector.js\u001b[2m:70:13)\u001b[22m\u001b[2m\u001b[22m\n\u001b[2m      \u001b[2mat TestingInjector.loadProvider (\u001b[22m\u001b[2mnode_modules/@nestjs/core/injector/injector.js\u001b[2m:98:9)\u001b[22m\u001b[2m\u001b[22m\n\u001b[2m      \u001b[2mat \u001b[22m\u001b[2mnode_modules/@nestjs/core/injector/instance-loader.js\u001b[2m:56:13\u001b[22m\u001b[2m\u001b[22m\n\u001b[2m          at async Promise.all (index 3)\u001b[22m\n\u001b[2m      \u001b[2mat TestingInstanceLoader.createInstancesOfProviders (\u001b[22m\u001b[2mnode_modules/@nestjs/core/injector/instance-loader.js\u001b[2m:55:9)\u001b[22m\u001b[2m\u001b[22m\n\u001b[2m      \u001b[2mat \u001b[22m\u001b[2mnode_modules/@nestjs/core/injector/instance-loader.js\u001b[2m:40:13\u001b[22m\u001b[2m\u001b[22m\n\u001b[2m          at async Promise.all (index 1)\u001b[22m\n\u001b[2m      \u001b[2mat TestingInstanceLoader.createInstances (\u001b[22m\u001b[2mnode_modules/@nestjs/core/injector/instance-loader.js\u001b[2m:39:9)\u001b[22m\u001b[2m\u001b[22m\n\u001b[2m      \u001b[2mat TestingInstanceLoader.createInstancesOfDependencies (\u001b[22m\u001b[2mnode_modules/@nestjs/core/injector/instance-loader.js\u001b[2m:22:13)\u001b[22m\u001b[2m\u001b[22m\n\u001b[2m      \u001b[2mat TestingInstanceLoader.createInstancesOfDependencies (\u001b[22m\u001b[2mnode_modules/@nestjs/testing/testing-instance-loader.js\u001b[2m:9:9)\u001b[22m\u001b[2m\u001b[22m\n\u001b[2m      \u001b[2mat TestingModuleBuilder.createInstancesOfDependencies (\u001b[22m\u001b[2mnode_modules/@nestjs/testing/testing-module.builder.js\u001b[2m:118:9)\u001b[22m\u001b[2m\u001b[22m\n\u001b[2m      \u001b[2mat TestingModuleBuilder.compile (\u001b[22m\u001b[2mnode_modules/@nestjs/testing/testing-module.builder.js\u001b[2m:74:9)\u001b[22m\u001b[2m\u001b[22m\n\u001b[2m      \u001b[2mat Object.<anonymous> (\u001b[22m\u001b[2m\u001b[0m\u001b[36mtest/reports/report.service.spec.ts\u001b[39m\u001b[0m\u001b[2m:13:35)\u001b[22m\u001b[2m\u001b[22m\n","name":"D:\\Yasser_Projects\\Taco_Project\\taco-backend\\test\\reports\\report.service.spec.ts","startTime":1765969896932,"status":"failed","summary":""},{"assertionResults":[{"ancestorTitles":["AuthController"],"duration":9,"failureDetails":[],"failureMessages":[],"fullName":"AuthController should be defined","invocations":1,"location":null,"numPassingAsserts":1,"retryReasons":[],"status":"passed","title":"should be defined"},{"ancestorTitles":["AuthController","login"],"duration":8,"failureDetails":[{"matcherResult":{"message":"\u001b[2mexpect(\u001b[22m\u001b[31mjest.fn()\u001b[39m\u001b[2m).\u001b[22mtoHaveBeenCalledWith\u001b[2m(\u001b[22m\u001b[32m...expected\u001b[39m\u001b[2m)\u001b[22m\n\n\u001b[32m- Expected\u001b[39m\n\u001b[31m+ Received\u001b[39m\n\n  \u001b[2m{\"publicAddress\": \"0x1234567890abcdef\", \"signature\": \"test-signature\"}\u001b[22m,\n\u001b[31m+ undefined\u001b[39m,\n\nNumber of calls: \u001b[31m1\u001b[39m","pass":false}}],"failureMessages":["Error: \u001b[2mexpect(\u001b[22m\u001b[31mjest.fn()\u001b[39m\u001b[2m).\u001b[22mtoHaveBeenCalledWith\u001b[2m(\u001b[22m\u001b[32m...expected\u001b[39m\u001b[2m)\u001b[22m\n\n\u001b[32m- Expected\u001b[39m\n\u001b[31m+ Received\u001b[39m\n\n  \u001b[2m{\"publicAddress\": \"0x1234567890abcdef\", \"signature\": \"test-signature\"}\u001b[22m,\n\u001b[31m+ undefined\u001b[39m,\n\nNumber of calls: \u001b[31m1\u001b[39m\n    at Object.<anonymous> (D:\\Yasser_Projects\\Taco_Project\\taco-backend\\test\\auth\\auth.controller.spec.ts:58:29)"],"fullName":"AuthController login should return access token on successful login","invocations":1,"location":null,"numPassingAsserts":1,"retryReasons":[],"status":"failed","title":"should return access token on successful login"}],"endTime":1765969904940,"message":"\u001b[1m\u001b[31m  \u001b[1m● \u001b[22m\u001b[1mAuthController › login › should return access token on successful login\u001b[39m\u001b[22m\n\n    \u001b[2mexpect(\u001b[22m\u001b[31mjest.fn()\u001b[39m\u001b[2m).\u001b[22mtoHaveBeenCalledWith\u001b[2m(\u001b[22m\u001b[32m...expected\u001b[39m\u001b[2m)\u001b[22m\n\n    \u001b[32m- Expected\u001b[39m\n    \u001b[31m+ Received\u001b[39m\n\n      \u001b[2m{\"publicAddress\": \"0x1234567890abcdef\", \"signature\": \"test-signature\"}\u001b[22m,\n    \u001b[31m+ undefined\u001b[39m,\n\n    Number of calls: \u001b[31m1\u001b[39m\n\u001b[2m\u001b[22m\n\u001b[2m    \u001b[0m \u001b[90m 56 |\u001b[39m\u001b[22m\n\u001b[2m     \u001b[90m 57 |\u001b[39m       expect(result)\u001b[33m.\u001b[39mtoEqual(expectedResponse)\u001b[33m;\u001b[39m\u001b[22m\n\u001b[2m    \u001b[31m\u001b[1m>\u001b[22m\u001b[2m\u001b[39m\u001b[90m 58 |\u001b[39m       expect(service\u001b[33m.\u001b[39mlogin)\u001b[33m.\u001b[39mtoHaveBeenCalledWith(loginDto)\u001b[33m;\u001b[39m\u001b[22m\n\u001b[2m     \u001b[90m    |\u001b[39m                             \u001b[31m\u001b[1m^\u001b[22m\u001b[2m\u001b[39m\u001b[22m\n\u001b[2m     \u001b[90m 59 |\u001b[39m     })\u001b[33m;\u001b[39m\u001b[22m\n\u001b[2m     \u001b[90m 60 |\u001b[39m   })\u001b[33m;\u001b[39m\u001b[22m\n\u001b[2m     \u001b[90m 61 |\u001b[39m })\u001b[33m;\u001b[39m\u001b[0m\u001b[22m\n\u001b[2m\u001b[22m\n\u001b[2m      \u001b[2mat Object.<anonymous> (\u001b[22m\u001b[2m\u001b[0m\u001b[36mtest/auth/auth.controller.spec.ts\u001b[39m\u001b[0m\u001b[2m:58:29)\u001b[22m\u001b[2m\u001b[22m\n","name":"D:\\Yasser_Projects\\Taco_Project\\taco-backend\\test\\auth\\auth.controller.spec.ts","startTime":1765969904168,"status":"failed","summary":""},{"assertionResults":[{"ancestorTitles":["CryptoUtil"],"duration":3,"failureDetails":[],"failureMessages":[],"fullName":"CryptoUtil should be defined","invocations":1,"location":null,"numPassingAsserts":1,"retryReasons":[],"status":"passed","title":"should be defined"},{"ancestorTitles":["CryptoUtil","encrypt and decrypt"],"duration":3,"failureDetails":[],"failureMessages":[],"fullName":"CryptoUtil encrypt and decrypt should encrypt and decrypt text correctly","invocations":1,"location":null,"numPassingAsserts":2,"retryReasons":[],"status":"passed","title":"should encrypt and decrypt text correctly"},{"ancestorTitles":["CryptoUtil","encrypt and decrypt"],"duration":3,"failureDetails":[],"failureMessages":[],"fullName":"CryptoUtil encrypt and decrypt should produce different encrypted output each time","invocations":1,"location":null,"numPassingAsserts":3,"retryReasons":[],"status":"passed","title":"should produce different encrypted output each time"},{"ancestorTitles":["CryptoUtil","encrypt and decrypt"],"duration":2,"failureDetails":[],"failureMessages":[],"fullName":"CryptoUtil encrypt and decrypt should handle empty strings","invocations":1,"location":null,"numPassingAsserts":2,"retryReasons":[],"status":"passed","title":"should handle empty strings"},{"ancestorTitles":["CryptoUtil","legacy compatibility"],"duration":13,"failureDetails":[],"failureMessages":[],"fullName":"CryptoUtil legacy compatibility should decrypt legacy data with fixed IV using decryptSafe","invocations":1,"location":null,"numPassingAsserts":1,"retryReasons":[],"status":"passed","title":"should decrypt legacy data with fixed IV using decryptSafe"},{"ancestorTitles":["CryptoUtil","legacy compatibility"],"duration":3,"failureDetails":[],"failureMessages":[],"fullName":"CryptoUtil legacy compatibility should use decryptSafe for both new and legacy formats","invocations":1,"location":null,"numPassingAsserts":2,"retryReasons":[],"status":"passed","title":"should use decryptSafe for both new and legacy formats"},{"ancestorTitles":["CryptoUtil","error handling"],"duration":14,"failureDetails":[],"failureMessages":[],"fullName":"CryptoUtil error handling should handle invalid encrypted data gracefully","invocations":1,"location":null,"numPassingAsserts":1,"retryReasons":[],"status":"passed","title":"should handle invalid encrypted data gracefully"},{"ancestorTitles":["CryptoUtil","error handling"],"duration":4,"failureDetails":[],"failureMessages":[],"fullName":"CryptoUtil error handling should handle malformed data in decryptSafe","invocations":1,"location":null,"numPassingAsserts":1,"retryReasons":[],"status":"passed","title":"should handle malformed data in decryptSafe"},{"ancestorTitles":["CryptoUtil","static methods"],"duration":4,"failureDetails":[],"failureMessages":[],"fullName":"CryptoUtil static methods should generate encryption key","invocations":1,"location":null,"numPassingAsserts":2,"retryReasons":[],"status":"passed","title":"should generate encryption key"}],"endTime":1765969905085,"message":"","name":"D:\\Yasser_Projects\\Taco_Project\\taco-backend\\test\\utils\\crypto.util.spec.ts","startTime":1765969904958,"status":"passed","summary":""},{"assertionResults":[{"ancestorTitles":["UserController (e2e)","/users/signup (POST)"],"duration":370,"failureDetails":[],"failureMessages":[],"fullName":"UserController (e2e) /users/signup (POST) should register a new user","invocations":1,"location":null,"numPassingAsserts":1,"retryReasons":[],"status":"passed","title":"should register a new user"},{"ancestorTitles":["UserController (e2e)","/users/signup (POST)"],"duration":29,"failureDetails":[],"failureMessages":[],"fullName":"UserController (e2e) /users/signup (POST) should handle case when user already exists","invocations":1,"location":null,"numPassingAsserts":1,"retryReasons":[],"status":"passed","title":"should handle case when user already exists"},{"ancestorTitles":["UserController (e2e)","/users/telegram/:telegramId (GET)"],"duration":38,"failureDetails":[],"failureMessages":[],"fullName":"UserController (e2e) /users/telegram/:telegramId (GET) should get user by telegramId","invocations":1,"location":null,"numPassingAsserts":1,"retryReasons":[],"status":"passed","title":"should get user by telegramId"},{"ancestorTitles":["UserController (e2e)","/users/telegram/:telegramId (GET)"],"duration":32,"failureDetails":[],"failureMessages":[],"fullName":"UserController (e2e) /users/telegram/:telegramId (GET) should handle case when user does not exist","invocations":1,"location":null,"numPassingAsserts":0,"retryReasons":[],"status":"passed","title":"should handle case when user does not exist"}],"endTime":1765969906457,"message":"","name":"D:\\Yasser_Projects\\Taco_Project\\taco-backend\\test\\users\\users.integration.spec.ts","startTime":1765969905146,"status":"passed","summary":""},{"assertionResults":[{"ancestorTitles":["Report System"],"duration":3,"failureDetails":[],"failureMessages":[],"fullName":"Report System should pass a basic test","invocations":1,"location":null,"numPassingAsserts":1,"retryReasons":[],"status":"passed","title":"should pass a basic test"},{"ancestorTitles":["ReportController (e2e)","/reports (POST)"],"duration":null,"failureDetails":[],"failureMessages":[],"fullName":"ReportController (e2e) /reports (POST) should report a user","invocations":1,"location":null,"numPassingAsserts":0,"retryReasons":[],"status":"pending","title":"should report a user"},{"ancestorTitles":["ReportController (e2e)","/reports/user/:telegramId (GET)"],"duration":null,"failureDetails":[],"failureMessages":[],"fullName":"ReportController (e2e) /reports/user/:telegramId (GET) should get reports for a user","invocations":1,"location":null,"numPassingAsserts":0,"retryReasons":[],"status":"pending","title":"should get reports for a user"},{"ancestorTitles":["ReportController (e2e)","/reports/is-restricted/:telegramId (GET)"],"duration":null,"failureDetails":[],"failureMessages":[],"fullName":"ReportController (e2e) /reports/is-restricted/:telegramId (GET) should check if a user is restricted","invocations":1,"location":null,"numPassingAsserts":0,"retryReasons":[],"status":"pending","title":"should check if a user is restricted"},{"ancestorTitles":["ReportController (e2e)","/reports/resolve/:id (PATCH)"],"duration":null,"failureDetails":[],"failureMessages":[],"fullName":"ReportController (e2e) /reports/resolve/:id (PATCH) should resolve a report","invocations":1,"location":null,"numPassingAsserts":0,"retryReasons":[],"status":"pending","title":"should resolve a report"},{"ancestorTitles":["ReportController (e2e)","/reports/admin/reported-users (GET)"],"duration":null,"failureDetails":[],"failureMessages":[],"fullName":"ReportController (e2e) /reports/admin/reported-users (GET) should get all reported users","invocations":1,"location":null,"numPassingAsserts":0,"retryReasons":[],"status":"pending","title":"should get all reported users"}],"endTime":1765969907884,"message":"","name":"D:\\Yasser_Projects\\Taco_Project\\taco-backend\\test\\reports\\reports.integration.spec.ts","startTime":1765969906465,"status":"focused","summary":""},{"assertionResults":[{"ancestorTitles":["PasswordService"],"duration":9,"failureDetails":[],"failureMessages":[],"fullName":"PasswordService should be defined","invocations":1,"location":null,"numPassingAsserts":1,"retryReasons":[],"status":"passed","title":"should be defined"},{"ancestorTitles":["PasswordService","findByUserTelegramId"],"duration":54,"failureDetails":[],"failureMessages":[],"fullName":"PasswordService findByUserTelegramId should return user passwords","invocations":1,"location":null,"numPassingAsserts":2,"retryReasons":[],"status":"passed","title":"should return user passwords"},{"ancestorTitles":["PasswordService","findByUserTelegramId"],"duration":89,"failureDetails":[],"failureMessages":[],"fullName":"PasswordService findByUserTelegramId should throw error for invalid telegramId","invocations":1,"location":null,"numPassingAsserts":1,"retryReasons":[],"status":"passed","title":"should throw error for invalid telegramId"},{"ancestorTitles":["PasswordService","findByUserTelegramIdWithPagination"],"duration":9,"failureDetails":[],"failureMessages":[],"fullName":"PasswordService findByUserTelegramIdWithPagination should return paginated user passwords with valid pagination parameters","invocations":1,"location":null,"numPassingAsserts":1,"retryReasons":[],"status":"passed","title":"should return paginated user passwords with valid pagination parameters"},{"ancestorTitles":["PasswordService","findByUserTelegramIdWithPagination"],"duration":11,"failureDetails":[],"failureMessages":[],"fullName":"PasswordService findByUserTelegramIdWithPagination should return original response when pagination parameters are invalid","invocations":1,"location":null,"numPassingAsserts":1,"retryReasons":[],"status":"passed","title":"should return original response when pagination parameters are invalid"},{"ancestorTitles":["PasswordService","findByUserTelegramIdWithPagination"],"duration":16,"failureDetails":[],"failureMessages":[],"fullName":"PasswordService findByUserTelegramIdWithPagination should throw error for invalid telegramId","invocations":1,"location":null,"numPassingAsserts":1,"retryReasons":[],"status":"passed","title":"should throw error for invalid telegramId"},{"ancestorTitles":["PasswordService","findPasswordsSharedWithMe"],"duration":8,"failureDetails":[],"failureMessages":[],"fullName":"PasswordService findPasswordsSharedWithMe should return passwords shared with user","invocations":1,"location":null,"numPassingAsserts":2,"retryReasons":[],"status":"passed","title":"should return passwords shared with user"},{"ancestorTitles":["PasswordService","findPasswordsSharedWithMe"],"duration":12,"failureDetails":[],"failureMessages":[],"fullName":"PasswordService findPasswordsSharedWithMe should throw error if username is not provided","invocations":1,"location":null,"numPassingAsserts":1,"retryReasons":[],"status":"passed","title":"should throw error if username is not provided"},{"ancestorTitles":["PasswordService","findPasswordsSharedWithMeWithPagination"],"duration":15,"failureDetails":[],"failureMessages":[],"fullName":"PasswordService findPasswordsSharedWithMeWithPagination should return paginated passwords shared with user with valid pagination parameters","invocations":1,"location":null,"numPassingAsserts":1,"retryReasons":[],"status":"passed","title":"should return paginated passwords shared with user with valid pagination parameters"},{"ancestorTitles":["PasswordService","findPasswordsSharedWithMeWithPagination"],"duration":8,"failureDetails":[],"failureMessages":[],"fullName":"PasswordService findPasswordsSharedWithMeWithPagination should return original response when pagination parameters are invalid","invocations":1,"location":null,"numPassingAsserts":2,"retryReasons":[],"status":"passed","title":"should return original response when pagination parameters are invalid"},{"ancestorTitles":["PasswordService","findPasswordsSharedWithMeWithPagination"],"duration":13,"failureDetails":[],"failureMessages":[],"fullName":"PasswordService findPasswordsSharedWithMeWithPagination should throw error if username is not provided","invocations":1,"location":null,"numPassingAsserts":1,"retryReasons":[],"status":"passed","title":"should throw error if username is not provided"},{"ancestorTitles":["PasswordService","findSharedWithByTelegramIdWithPagination"],"duration":9,"failureDetails":[],"failureMessages":[],"fullName":"PasswordService findSharedWithByTelegramIdWithPagination should return paginated shared passwords with valid pagination parameters","invocations":1,"location":null,"numPassingAsserts":1,"retryReasons":[],"status":"passed","title":"should return paginated shared passwords with valid pagination parameters"},{"ancestorTitles":["PasswordService","findSharedWithByTelegramIdWithPagination"],"duration":6,"failureDetails":[],"failureMessages":[],"fullName":"PasswordService findSharedWithByTelegramIdWithPagination should return original response when pagination parameters are invalid","invocations":1,"location":null,"numPassingAsserts":1,"retryReasons":[],"status":"passed","title":"should return original response when pagination parameters are invalid"},{"ancestorTitles":["PasswordService","findSharedWithByTelegramIdWithPagination"],"duration":7,"failureDetails":[],"failureMessages":[],"fullName":"PasswordService findSharedWithByTelegramIdWithPagination should throw error for invalid telegramId","invocations":1,"location":null,"numPassingAsserts":1,"retryReasons":[],"status":"passed","title":"should throw error for invalid telegramId"}],"endTime":1765969908787,"message":"","name":"D:\\Yasser_Projects\\Taco_Project\\taco-backend\\test\\users\\password.service.spec.ts","startTime":1765969907902,"status":"passed","summary":""},{"assertionResults":[{"ancestorTitles":["TelegramClientController"],"duration":8,"failureDetails":[],"failureMessages":[],"fullName":"TelegramClientController should be defined","invocations":1,"location":null,"numPassingAsserts":1,"retryReasons":[],"status":"passed","title":"should be defined"},{"ancestorTitles":["TelegramClientController","sendCode"],"duration":4,"failureDetails":[],"failureMessages":[],"fullName":"TelegramClientController sendCode should send verification code","invocations":1,"location":null,"numPassingAsserts":2,"retryReasons":[],"status":"passed","title":"should send verification code"},{"ancestorTitles":["TelegramClientController","verifyCode"],"duration":4,"failureDetails":[],"failureMessages":[],"fullName":"TelegramClientController verifyCode should verify code successfully","invocations":1,"location":null,"numPassingAsserts":2,"retryReasons":[],"status":"passed","title":"should verify code successfully"},{"ancestorTitles":["TelegramClientController","logout"],"duration":4,"failureDetails":[],"failureMessages":[],"fullName":"TelegramClientController logout should logout user successfully","invocations":1,"location":null,"numPassingAsserts":2,"retryReasons":[],"status":"passed","title":"should logout user successfully"},{"ancestorTitles":["TelegramClientController","getContacts"],"duration":5,"failureDetails":[],"failureMessages":[],"fullName":"TelegramClientController getContacts should get contacts with pagination","invocations":1,"location":null,"numPassingAsserts":2,"retryReasons":[],"status":"passed","title":"should get contacts with pagination"},{"ancestorTitles":["TelegramClientController","searchContacts"],"duration":4,"failureDetails":[],"failureMessages":[],"fullName":"TelegramClientController searchContacts should search contacts by query","invocations":1,"location":null,"numPassingAsserts":2,"retryReasons":[],"status":"passed","title":"should search contacts by query"},{"ancestorTitles":["TelegramClientController","syncContacts"],"duration":10,"failureDetails":[],"failureMessages":[],"fullName":"TelegramClientController syncContacts should sync contacts successfully","invocations":1,"location":null,"numPassingAsserts":2,"retryReasons":[],"status":"passed","title":"should sync contacts successfully"}],"endTime":1765969909610,"message":"","name":"D:\\Yasser_Projects\\Taco_Project\\taco-backend\\test\\telegram-client\\telegram-client.controller.spec.ts","startTime":1765969908825,"status":"passed","summary":""},{"assertionResults":[{"ancestorTitles":["UsersService"],"duration":10,"failureDetails":[],"failureMessages":[],"fullName":"UsersService should be defined","invocations":1,"location":null,"numPassingAsserts":1,"retryReasons":[],"status":"passed","title":"should be defined"},{"ancestorTitles":["UsersService","createAndUpdateUser"],"duration":14,"failureDetails":[],"failureMessages":[],"fullName":"UsersService createAndUpdateUser should create a new user when user doesn't exist","invocations":1,"location":null,"numPassingAsserts":2,"retryReasons":[],"status":"passed","title":"should create a new user when user doesn't exist"},{"ancestorTitles":["UsersService","createAndUpdateUser"],"duration":7,"failureDetails":[],"failureMessages":[],"fullName":"UsersService createAndUpdateUser should update existing user and send notification when username is different","invocations":1,"location":null,"numPassingAsserts":3,"retryReasons":[],"status":"passed","title":"should update existing user and send notification when username is different"},{"ancestorTitles":["UsersService","createAndUpdateUser"],"duration":6,"failureDetails":[],"failureMessages":[],"fullName":"UsersService createAndUpdateUser should update existing user without notification when username is the same","invocations":1,"location":null,"numPassingAsserts":3,"retryReasons":[],"status":"passed","title":"should update existing user without notification when username is the same"},{"ancestorTitles":["UsersService","findAllExceptMe"],"duration":5,"failureDetails":[],"failureMessages":[],"fullName":"UsersService findAllExceptMe should return paginated users list","invocations":1,"location":null,"numPassingAsserts":1,"retryReasons":[],"status":"passed","title":"should return paginated users list"},{"ancestorTitles":["UsersService","findAllExceptMe"],"duration":41,"failureDetails":[],"failureMessages":[],"fullName":"UsersService findAllExceptMe should throw error for invalid telegramId","invocations":1,"location":null,"numPassingAsserts":1,"retryReasons":[],"status":"passed","title":"should throw error for invalid telegramId"},{"ancestorTitles":["UsersService","getTelegramProfile"],"duration":6,"failureDetails":[],"failureMessages":[],"fullName":"UsersService getTelegramProfile should return telegram profile data","invocations":1,"location":null,"numPassingAsserts":1,"retryReasons":[],"status":"passed","title":"should return telegram profile data"}],"endTime":1765969910467,"message":"","name":"D:\\Yasser_Projects\\Taco_Project\\taco-backend\\test\\users\\users.service.spec.ts","startTime":1765969909619,"status":"passed","summary":""},{"assertionResults":[{"ancestorTitles":["PasswordService - getSharedWithMe"],"duration":80,"failureDetails":[],"failureMessages":[],"fullName":"PasswordService - getSharedWithMe should throw an error if username is not provided","invocations":1,"location":null,"numPassingAsserts":1,"retryReasons":[],"status":"passed","title":"should throw an error if username is not provided"},{"ancestorTitles":["PasswordService - getSharedWithMe"],"duration":5,"failureDetails":[],"failureMessages":[],"fullName":"PasswordService - getSharedWithMe should return empty result if no shared passwords are found","invocations":1,"location":null,"numPassingAsserts":2,"retryReasons":[],"status":"passed","title":"should return empty result if no shared passwords are found"},{"ancestorTitles":["PasswordService - getSharedWithMe"],"duration":10,"failureDetails":[],"failureMessages":[],"fullName":"PasswordService - getSharedWithMe should group passwords by owner correctly","invocations":1,"location":null,"numPassingAsserts":13,"retryReasons":[],"status":"passed","title":"should group passwords by owner correctly"},{"ancestorTitles":["PasswordService - getSharedWithMe"],"duration":6,"failureDetails":[],"failureMessages":[],"fullName":"PasswordService - getSharedWithMe should handle owners with unknown usernames","invocations":1,"location":null,"numPassingAsserts":7,"retryReasons":[],"status":"passed","title":"should handle owners with unknown usernames"},{"ancestorTitles":["PasswordService - getSharedWithMe"],"duration":5,"failureDetails":[],"failureMessages":[],"fullName":"PasswordService - getSharedWithMe should handle passwords with missing key or value","invocations":1,"location":null,"numPassingAsserts":3,"retryReasons":[],"status":"passed","title":"should handle passwords with missing key or value"},{"ancestorTitles":["PasswordService - getSharedWithMe"],"duration":15,"failureDetails":[],"failureMessages":[],"fullName":"PasswordService - getSharedWithMe should sort owners by number of shared passwords","invocations":1,"location":null,"numPassingAsserts":7,"retryReasons":[],"status":"passed","title":"should sort owners by number of shared passwords"},{"ancestorTitles":["PasswordService - getSharedWithMe"],"duration":6,"failureDetails":[],"failureMessages":[],"fullName":"PasswordService - getSharedWithMe should handle errors during execution","invocations":1,"location":null,"numPassingAsserts":1,"retryReasons":[],"status":"passed","title":"should handle errors during execution"}],"endTime":1765969911255,"message":"","name":"D:\\Yasser_Projects\\Taco_Project\\taco-backend\\test\\users\\get-shared-with-me.spec.ts","startTime":1765969910490,"status":"passed","summary":""},{"assertionResults":[{"ancestorTitles":["TelegramClientService"],"duration":10,"failureDetails":[],"failureMessages":[],"fullName":"TelegramClientService should be defined","invocations":1,"location":null,"numPassingAsserts":1,"retryReasons":[],"status":"passed","title":"should be defined"},{"ancestorTitles":["TelegramClientService","initialization"],"duration":4,"failureDetails":[],"failureMessages":[],"fullName":"TelegramClientService initialization should initialize with correct API credentials","invocations":1,"location":null,"numPassingAsserts":1,"retryReasons":[],"status":"passed","title":"should initialize with correct API credentials"},{"ancestorTitles":["TelegramClientService","session management"],"duration":4,"failureDetails":[],"failureMessages":[],"fullName":"TelegramClientService session management should handle session creation","invocations":1,"location":null,"numPassingAsserts":1,"retryReasons":[],"status":"passed","title":"should handle session creation"},{"ancestorTitles":["TelegramClientService","session management"],"duration":11,"failureDetails":[],"failureMessages":[],"fullName":"TelegramClientService session management should handle session cleanup","invocations":1,"location":null,"numPassingAsserts":1,"retryReasons":[],"status":"passed","title":"should handle session cleanup"},{"ancestorTitles":["TelegramClientService","session management"],"duration":4,"failureDetails":[],"failureMessages":[],"fullName":"TelegramClientService session management should save and retrieve user sessions","invocations":1,"location":null,"numPassingAsserts":2,"retryReasons":[],"status":"passed","title":"should save and retrieve user sessions"},{"ancestorTitles":["TelegramClientService","client connection"],"duration":3,"failureDetails":[],"failureMessages":[],"fullName":"TelegramClientService client connection should handle client creation","invocations":1,"location":null,"numPassingAsserts":1,"retryReasons":[],"status":"passed","title":"should handle client creation"},{"ancestorTitles":["TelegramClientService","error handling"],"duration":4,"failureDetails":[],"failureMessages":[],"fullName":"TelegramClientService error handling should handle missing API credentials gracefully","invocations":1,"location":null,"numPassingAsserts":1,"retryReasons":[],"status":"passed","title":"should handle missing API credentials gracefully"}],"endTime":1765969911706,"message":"","name":"D:\\Yasser_Projects\\Taco_Project\\taco-backend\\test\\telegram-client\\telegram-client.service.spec.ts","startTime":1765969911275,"status":"passed","summary":""},{"assertionResults":[{"ancestorTitles":["AppController","root"],"duration":7,"failureDetails":[],"failureMessages":[],"fullName":"AppController root should return \"Hello World!\"","invocations":1,"location":null,"numPassingAsserts":1,"retryReasons":[],"status":"passed","title":"should return \"Hello World!\""}],"endTime":1765969911929,"message":"","name":"D:\\Yasser_Projects\\Taco_Project\\taco-backend\\test\\app.controller.spec.ts","startTime":1765969911714,"status":"passed","summary":""},{"assertionResults":[{"ancestorTitles":["ReportController"],"duration":1,"failureDetails":[],"failureMessages":[],"fullName":"ReportController should pass a placeholder test","invocations":1,"location":null,"numPassingAsserts":1,"retryReasons":[],"status":"passed","title":"should pass a placeholder test"}],"endTime":1765969911995,"message":"","name":"D:\\Yasser_Projects\\Taco_Project\\taco-backend\\test\\reports\\report.controller.spec.ts","startTime":1765969911937,"status":"passed","summary":""}],"wasInterrupted":false}
